================================================================================
MILESTONE 7 IMPLEMENTATION VALIDATION REPORT
================================================================================

ğŸ” File Structure
--------------------------------------------------
âœ… PASSED
   âœ… All required files present

ğŸ” Imports
--------------------------------------------------
âŒ FAILED
   âŒ Unexpected error: /home/nathan/.local/lib/python3.13/site-packages/torch/lib/libtorch_global_deps.so: cannot open shared object file: No such file or directory

ğŸ” Makefile Targets
--------------------------------------------------
âœ… PASSED
   âœ… All required Makefile targets present
   âœ… Milestone 7 section properly integrated

ğŸ” Class Functionality
--------------------------------------------------
âŒ FAILED
   âŒ Class functionality test failed: /home/nathan/.local/lib/python3.13/site-packages/torch/lib/libtorch_global_deps.so: cannot open shared object file: No such file or directory

ğŸ” Quick Analysis Run
--------------------------------------------------
âŒ FAILED
   âŒ Error running quick analysis: [Errno 2] No such file or directory: 'python'

================================================================================
SUMMARY
================================================================================
Tests Passed: 2/5
Overall Status: âŒ FAILED

âŒ Implementation issues detected. Please review failed tests above.