================================================================================
MILESTONE 7 IMPLEMENTATION VALIDATION REPORT
================================================================================

🔍 File Structure
--------------------------------------------------
✅ PASSED
   ✅ All required files present

🔍 Imports
--------------------------------------------------
❌ FAILED
   ❌ Unexpected error: /home/nathan/.local/lib/python3.13/site-packages/torch/lib/libtorch_global_deps.so: cannot open shared object file: No such file or directory

🔍 Makefile Targets
--------------------------------------------------
✅ PASSED
   ✅ All required Makefile targets present
   ✅ Milestone 7 section properly integrated

🔍 Class Functionality
--------------------------------------------------
❌ FAILED
   ❌ Class functionality test failed: /home/nathan/.local/lib/python3.13/site-packages/torch/lib/libtorch_global_deps.so: cannot open shared object file: No such file or directory

🔍 Quick Analysis Run
--------------------------------------------------
❌ FAILED
   ❌ Error running quick analysis: [Errno 2] No such file or directory: 'python'

================================================================================
SUMMARY
================================================================================
Tests Passed: 2/5
Overall Status: ❌ FAILED

❌ Implementation issues detected. Please review failed tests above.