
> @lethe/core@0.0.1 build
> tsc

src/ollama/index.ts(122,11): error TS18046: 'error' is of type 'unknown'.
npm ERR! Lifecycle script `build` failed with error: 
npm ERR! Error: command failed 
npm ERR!   in workspace: @lethe/core@0.0.1 
npm ERR!   at location: /home/nathan/Projects/lethe/ctx-run/packages/core 
