
> @lethe/core@0.0.1 build
> tsc

src/hyde/index.ts(216,37): error TS18046: 'error' is of type 'unknown'.
src/ollama/index.ts(122,11): error TS18046: 'error' is of type 'unknown'.
src/ollama/index.ts(232,51): error TS18046: 'error' is of type 'unknown'.
src/pipeline/index.ts(1,19): error TS2305: Module '"@lethe/sqlite"' has no exported member 'Embeddings'.
src/summarize/index.ts(244,15): error TS7006: Parameter 'entity' implicitly has an 'any' type.
src/summarize/index.ts(245,12): error TS7006: Parameter 'entity' implicitly has an 'any' type.
src/summarize/index.ts(251,15): error TS7006: Parameter 'claim' implicitly has an 'any' type.
src/summarize/index.ts(252,12): error TS7006: Parameter 'claim' implicitly has an 'any' type.
src/summarize/index.ts(258,15): error TS7006: Parameter 'contradiction' implicitly has an 'any' type.
src/summarize/index.ts(259,12): error TS7006: Parameter 'contradiction' implicitly has an 'any' type.
src/summarize/index.ts(328,37): error TS18046: 'error' is of type 'unknown'.
npm ERR! Lifecycle script `build` failed with error: 
npm ERR! Error: command failed 
npm ERR!   in workspace: @lethe/core@0.0.1 
npm ERR!   at location: /home/nathan/Projects/lethe/ctx-run/packages/core 
